Using pre-set license
Built from '2020.3/staging' branch; Version is '2020.3.4f1 (0abb6314276a) revision 703331'; Using compiler version '192528614'; Build Type 'Release'
OS: 'Windows 10 Home; OS build 19042.1110; Version 2009; 64bit' Language: 'en' Physical Memory: 16230 MB
BatchMode: 1, IsHumanControllingUs: 0, StartBugReporterOnCrash: 0, Is64bit: 1, IsPro: 0

 COMMAND LINE ARGUMENTS:
C:\Program Files\Unity\Hub\Editor\2020.3.4f1\Editor\Unity.exe
-adb2
-batchMode
-noUpm
-name
AssetImportWorker0
-projectPath
C:/Users/user/Desktop/OWI/Term 3/resub/PCGLSystem/L-System/LSystemTown
-logFile
Logs/AssetImportWorker0.log
-srvPort
58214
Successfully changed project path to: C:/Users/user/Desktop/OWI/Term 3/resub/PCGLSystem/L-System/LSystemTown
C:/Users/user/Desktop/OWI/Term 3/resub/PCGLSystem/L-System/LSystemTown
Using Asset Import Pipeline V2.
Refreshing native plugins compatible for Editor in 27.40 ms, found 0 plugins.
Preloading 0 native plugins for Editor in 0.00 ms.
Initialize engine version: 2020.3.4f1 (0abb6314276a)
[Subsystems] Discovering subsystems at path C:/Program Files/Unity/Hub/Editor/2020.3.4f1/Editor/Data/Resources/UnitySubsystems
[Subsystems] Discovering subsystems at path C:/Users/user/Desktop/OWI/Term 3/resub/PCGLSystem/L-System/LSystemTown/Assets
GfxDevice: creating device client; threaded=0
Direct3D:
    Version:  Direct3D 11.0 [level 11.1]
    Renderer: NVIDIA GeForce RTX 2060 SUPER (ID=0x1f06)
    Vendor:   
    VRAM:     8031 MB
    Driver:   30.0.14.7111
Initialize mono
Mono path[0] = 'C:/Program Files/Unity/Hub/Editor/2020.3.4f1/Editor/Data/Managed'
Mono path[1] = 'C:/Program Files/Unity/Hub/Editor/2020.3.4f1/Editor/Data/MonoBleedingEdge/lib/mono/unityjit'
Mono config path = 'C:/Program Files/Unity/Hub/Editor/2020.3.4f1/Editor/Data/MonoBleedingEdge/etc'
Using monoOptions --debugger-agent=transport=dt_socket,embedding=1,server=y,suspend=n,address=127.0.0.1:56800
Begin MonoManager ReloadAssembly
Registering precompiled unity dll's ...
Register platform support module: C:/Program Files/Unity/Hub/Editor/2020.3.4f1/Editor/Data/PlaybackEngines/WindowsStandaloneSupport/UnityEditor.WindowsStandalone.Extensions.dll
Register platform support module: C:/Program Files/Unity/Hub/Editor/2020.3.4f1/Editor/Data/PlaybackEngines/LinuxStandaloneSupport/UnityEditor.LinuxStandalone.Extensions.dll
Registered in 0.007740 seconds.
Native extension for LinuxStandalone target not found
Native extension for WindowsStandalone target not found
Refreshing native plugins compatible for Editor in 26.67 ms, found 0 plugins.
Preloading 0 native plugins for Editor in 0.00 ms.
Mono: successfully reloaded assembly
- Completed reload, in 11.101 seconds
Platform modules already initialized, skipping
Registering precompiled user dll's ...
Registered in 0.001410 seconds.
Begin MonoManager ReloadAssembly
Native extension for LinuxStandalone target not found
Native extension for WindowsStandalone target not found
Refreshing native plugins compatible for Editor in 0.26 ms, found 0 plugins.
Preloading 0 native plugins for Editor in 0.00 ms.
Mono: successfully reloaded assembly
- Completed reload, in  1.258 seconds
Platform modules already initialized, skipping
========================================================================
Worker process is ready to serve import requests
Launched and connected shader compiler UnityShaderCompiler.exe after 0.12 seconds
Refreshing native plugins compatible for Editor in 0.29 ms, found 0 plugins.
Preloading 0 native plugins for Editor in 0.00 ms.
Unloading 1116 Unused Serialized files (Serialized files now loaded: 0)
System memory in use before: 57.1 MB.
System memory in use after: 57.1 MB.

Unloading 10 unused Assets to reduce memory usage. Loaded Objects now: 1558.
Total: 3.279300 ms (FindLiveObjects: 0.520200 ms CreateObjectMapping: 0.148100 ms MarkObjects: 2.515000 ms  DeleteObjects: 0.091900 ms)

========================================================================
Received Import Request.
  path: Assets/SCripts/Rules.cs
  artifactKey: Guid(9c8a4fa1784106f468af327c1b7950d8) Importer(815301076,1909f56bfc062723c751e8b465ee728b)
Start importing Assets/SCripts/Rules.cs using Guid(9c8a4fa1784106f468af327c1b7950d8) Importer(815301076,1909f56bfc062723c751e8b465ee728b)  -> (artifact id: '97a9c8d1973227851e1b7375d905ed56') in 0.056626 seconds
  Import took 0.084484 seconds .

========================================================================
Received Import Request.
  Time since last request: 0.141805 seconds.
  path: Assets/SCripts/Rules.cs
  artifactKey: Guid(9c8a4fa1784106f468af327c1b7950d8) Importer(815301076,1909f56bfc062723c751e8b465ee728b)
Start importing Assets/SCripts/Rules.cs using Guid(9c8a4fa1784106f468af327c1b7950d8) Importer(815301076,1909f56bfc062723c751e8b465ee728b)  -> (artifact id: '97a9c8d1973227851e1b7375d905ed56') in 0.059658 seconds
  Import took 0.074414 seconds .

========================================================================
Received Prepare
Registering precompiled user dll's ...
Registered in 0.000939 seconds.
Begin MonoManager ReloadAssembly
Native extension for LinuxStandalone target not found
Native extension for WindowsStandalone target not found
Refreshing native plugins compatible for Editor in 0.70 ms, found 0 plugins.
Preloading 0 native plugins for Editor in 0.00 ms.
Mono: successfully reloaded assembly
- Completed reload, in  2.002 seconds
Platform modules already initialized, skipping
Refreshing native plugins compatible for Editor in 0.40 ms, found 0 plugins.
Preloading 0 native plugins for Editor in 0.00 ms.
Unloading 1111 Unused Serialized files (Serialized files now loaded: 0)
System memory in use before: 57.0 MB.
System memory in use after: 57.1 MB.

Unloading 5 unused Assets to reduce memory usage. Loaded Objects now: 1561.
Total: 3.254200 ms (FindLiveObjects: 0.356600 ms CreateObjectMapping: 0.052800 ms MarkObjects: 2.772000 ms  DeleteObjects: 0.070600 ms)

========================================================================
Received Import Request.
  Time since last request: 225.235041 seconds.
  path: Assets/SCripts/Rules.cs
  artifactKey: Guid(9c8a4fa1784106f468af327c1b7950d8) Importer(815301076,1909f56bfc062723c751e8b465ee728b)
Start importing Assets/SCripts/Rules.cs using Guid(9c8a4fa1784106f468af327c1b7950d8) Importer(815301076,1909f56bfc062723c751e8b465ee728b)  -> (artifact id: 'f3a220f1f156531eaba83e4a3704ee4f') in 0.153228 seconds
  Import took 0.253021 seconds .

========================================================================
Received Import Request.
  Time since last request: 5283.544245 seconds.
  path: Assets/SCripts
  artifactKey: Guid(1d924f34fed67a4409fa8190b1e0cd11) Importer(815301076,1909f56bfc062723c751e8b465ee728b)
Start importing Assets/SCripts using Guid(1d924f34fed67a4409fa8190b1e0cd11) Importer(815301076,1909f56bfc062723c751e8b465ee728b)  -> (artifact id: 'bce346bfb62f5fd9bd29f9441610f669') in 0.005787 seconds
  Import took 0.031178 seconds .

========================================================================
Received Import Request.
  Time since last request: 1.993920 seconds.
  path: Assets
  artifactKey: Guid(00000000000000001000000000000000) Importer(815301076,1909f56bfc062723c751e8b465ee728b)
Start importing Assets using Guid(00000000000000001000000000000000) Importer(815301076,1909f56bfc062723c751e8b465ee728b)  -> (artifact id: '025e4f587c23674256bb898581e82961') in 0.002428 seconds
  Import took 0.007454 seconds .

========================================================================
Received Import Request.
  Time since last request: 5.249251 seconds.
  path: Assets/Rulefolder
  artifactKey: Guid(05657e9ecde6e7d41b0928be085f8916) Importer(815301076,1909f56bfc062723c751e8b465ee728b)
Start importing Assets/Rulefolder using Guid(05657e9ecde6e7d41b0928be085f8916) Importer(815301076,1909f56bfc062723c751e8b465ee728b)  -> (artifact id: 'b15fa2d23de6788a37c44ed8d3630287') in 0.002468 seconds
  Import took 0.007640 seconds .

========================================================================
Received Prepare
Registering precompiled user dll's ...
Registered in 0.000775 seconds.
Begin MonoManager ReloadAssembly
Native extension for LinuxStandalone target not found
Native extension for WindowsStandalone target not found
Refreshing native plugins compatible for Editor in 0.21 ms, found 0 plugins.
Preloading 0 native plugins for Editor in 0.00 ms.
Mono: successfully reloaded assembly
- Completed reload, in  0.868 seconds
Platform modules already initialized, skipping
Refreshing native plugins compatible for Editor in 1.08 ms, found 0 plugins.
Preloading 0 native plugins for Editor in 0.00 ms.
Unloading 1111 Unused Serialized files (Serialized files now loaded: 0)
System memory in use before: 57.1 MB.
System memory in use after: 57.1 MB.

Unloading 5 unused Assets to reduce memory usage. Loaded Objects now: 1564.
Total: 14.048900 ms (FindLiveObjects: 4.501400 ms CreateObjectMapping: 0.779600 ms MarkObjects: 8.304900 ms  DeleteObjects: 0.446900 ms)

========================================================================
Received Prepare
Registering precompiled user dll's ...
Registered in 0.000643 seconds.
Begin MonoManager ReloadAssembly
Native extension for LinuxStandalone target not found
Native extension for WindowsStandalone target not found
Refreshing native plugins compatible for Editor in 0.22 ms, found 0 plugins.
Preloading 0 native plugins for Editor in 0.00 ms.
Mono: successfully reloaded assembly
- Completed reload, in  0.698 seconds
Platform modules already initialized, skipping
Refreshing native plugins compatible for Editor in 0.25 ms, found 0 plugins.
Preloading 0 native plugins for Editor in 0.00 ms.
Unloading 1111 Unused Serialized files (Serialized files now loaded: 0)
System memory in use before: 57.1 MB.
System memory in use after: 57.2 MB.

Unloading 5 unused Assets to reduce memory usage. Loaded Objects now: 1567.
Total: 1.492700 ms (FindLiveObjects: 0.133600 ms CreateObjectMapping: 0.047700 ms MarkObjects: 1.269800 ms  DeleteObjects: 0.040700 ms)

========================================================================
Received Prepare
Registering precompiled user dll's ...
Registered in 0.000633 seconds.
Begin MonoManager ReloadAssembly
Native extension for LinuxStandalone target not found
Native extension for WindowsStandalone target not found
Refreshing native plugins compatible for Editor in 0.42 ms, found 0 plugins.
Preloading 0 native plugins for Editor in 0.00 ms.
Mono: successfully reloaded assembly
- Completed reload, in  0.678 seconds
Platform modules already initialized, skipping
Refreshing native plugins compatible for Editor in 0.19 ms, found 0 plugins.
Preloading 0 native plugins for Editor in 0.00 ms.
Unloading 1111 Unused Serialized files (Serialized files now loaded: 0)
System memory in use before: 57.1 MB.
System memory in use after: 57.2 MB.

Unloading 5 unused Assets to reduce memory usage. Loaded Objects now: 1570.
Total: 1.612300 ms (FindLiveObjects: 0.207500 ms CreateObjectMapping: 0.096500 ms MarkObjects: 1.265400 ms  DeleteObjects: 0.040500 ms)

========================================================================
Received Prepare
Registering precompiled user dll's ...
Registered in 0.002718 seconds.
Begin MonoManager ReloadAssembly
Native extension for LinuxStandalone target not found
Native extension for WindowsStandalone target not found
Refreshing native plugins compatible for Editor in 0.34 ms, found 0 plugins.
Preloading 0 native plugins for Editor in 0.00 ms.
Mono: successfully reloaded assembly
- Completed reload, in  0.980 seconds
Platform modules already initialized, skipping
Refreshing native plugins compatible for Editor in 0.19 ms, found 0 plugins.
Preloading 0 native plugins for Editor in 0.00 ms.
Unloading 1111 Unused Serialized files (Serialized files now loaded: 0)
System memory in use before: 57.1 MB.
System memory in use after: 57.2 MB.

Unloading 5 unused Assets to reduce memory usage. Loaded Objects now: 1573.
Total: 1.708800 ms (FindLiveObjects: 0.174300 ms CreateObjectMapping: 0.032500 ms MarkObjects: 1.450500 ms  DeleteObjects: 0.050600 ms)

========================================================================
Received Import Request.
  Time since last request: 927.841566 seconds.
  path: Assets/Scenes
  artifactKey: Guid(28c85fa85b08bdc479e54d87b8229338) Importer(815301076,1909f56bfc062723c751e8b465ee728b)
Start importing Assets/Scenes using Guid(28c85fa85b08bdc479e54d87b8229338) Importer(815301076,1909f56bfc062723c751e8b465ee728b)  -> (artifact id: 'ba85dbd3f8f1c7bd6fcd0f603197dbc4') in 0.011638 seconds
  Import took 0.015595 seconds .

========================================================================
Received Import Request.
  Time since last request: 0.001367 seconds.
  path: Assets/Scenes
  artifactKey: Guid(28c85fa85b08bdc479e54d87b8229338) Importer(815301076,1909f56bfc062723c751e8b465ee728b)
Start importing Assets/Scenes using Guid(28c85fa85b08bdc479e54d87b8229338) Importer(815301076,1909f56bfc062723c751e8b465ee728b)  -> (artifact id: 'ba85dbd3f8f1c7bd6fcd0f603197dbc4') in 0.002163 seconds
  Import took 0.008047 seconds .

========================================================================
Received Import Request.
  Time since last request: 292.931263 seconds.
  path: Assets/Rulefolder/Rule1.asset
  artifactKey: Guid(dff7f951c009c23428fc6d9049f34f5f) Importer(815301076,1909f56bfc062723c751e8b465ee728b)
Start importing Assets/Rulefolder/Rule1.asset using Guid(dff7f951c009c23428fc6d9049f34f5f) Importer(815301076,1909f56bfc062723c751e8b465ee728b)  -> (artifact id: '47a6202c73107b6586dc17a5d6968388') in 0.052979 seconds
  Import took 0.062152 seconds .

========================================================================
Received Prepare
Registering precompiled user dll's ...
Registered in 0.003199 seconds.
Begin MonoManager ReloadAssembly
Native extension for LinuxStandalone target not found
Native extension for WindowsStandalone target not found
Refreshing native plugins compatible for Editor in 0.18 ms, found 0 plugins.
Preloading 0 native plugins for Editor in 0.00 ms.
Mono: successfully reloaded assembly
- Completed reload, in  0.791 seconds
Platform modules already initialized, skipping
Refreshing native plugins compatible for Editor in 1.80 ms, found 0 plugins.
Preloading 0 native plugins for Editor in 0.00 ms.
Unloading 1111 Unused Serialized files (Serialized files now loaded: 0)
System memory in use before: 57.1 MB.
System memory in use after: 57.2 MB.

Unloading 5 unused Assets to reduce memory usage. Loaded Objects now: 1576.
Total: 2.149100 ms (FindLiveObjects: 0.168900 ms CreateObjectMapping: 0.030500 ms MarkObjects: 1.892900 ms  DeleteObjects: 0.056100 ms)

========================================================================
Received Import Request.
  Time since last request: 167.777268 seconds.
  path: Assets/SCripts/LSystemGen.cs
  artifactKey: Guid(a9769feb975233141a81ff2e311a5204) Importer(815301076,1909f56bfc062723c751e8b465ee728b)
Start importing Assets/SCripts/LSystemGen.cs using Guid(a9769feb975233141a81ff2e311a5204) Importer(815301076,1909f56bfc062723c751e8b465ee728b)  -> (artifact id: '3b6b9de90941dee4a0cf8c2bed40bc41') in 0.005960 seconds
  Import took 0.010318 seconds .

========================================================================
Received Prepare
Registering precompiled user dll's ...
Registered in 0.000553 seconds.
Begin MonoManager ReloadAssembly
Native extension for LinuxStandalone target not found
Native extension for WindowsStandalone target not found
Refreshing native plugins compatible for Editor in 0.23 ms, found 0 plugins.
Preloading 0 native plugins for Editor in 0.00 ms.
Mono: successfully reloaded assembly
- Completed reload, in  0.762 seconds
Platform modules already initialized, skipping
Refreshing native plugins compatible for Editor in 0.62 ms, found 0 plugins.
Preloading 0 native plugins for Editor in 0.00 ms.
Unloading 1112 Unused Serialized files (Serialized files now loaded: 0)
System memory in use before: 57.1 MB.
System memory in use after: 57.2 MB.

Unloading 5 unused Assets to reduce memory usage. Loaded Objects now: 1580.
Total: 3.966100 ms (FindLiveObjects: 0.539200 ms CreateObjectMapping: 0.079700 ms MarkObjects: 3.281300 ms  DeleteObjects: 0.050200 ms)

========================================================================
Received Import Request.
  Time since last request: 4145.982367 seconds.
  path: Assets/SCripts/LSystemGen.cs
  artifactKey: Guid(a9769feb975233141a81ff2e311a5204) Importer(815301076,1909f56bfc062723c751e8b465ee728b)
Start importing Assets/SCripts/LSystemGen.cs using Guid(a9769feb975233141a81ff2e311a5204) Importer(815301076,1909f56bfc062723c751e8b465ee728b)  -> (artifact id: 'd2e536c93e4eb1a9ac7df051377c49cf') in 0.104984 seconds
  Import took 0.203697 seconds .

